<?xml version="1.0" encoding="UTF-8"?>
<!-- Generated by org.testng.reporters.JUnitXMLReporter -->
<testsuite ignored="8" hostname="DESKTOP-OQCH81E" failures="0" tests="6" name="Test" time="107.766" errors="0" timestamp="2024-11-08T15:24:11 IST">
  <testcase classname="practice_Opportunities.practice_CreateOpportunitiesWithOrgTest_TC5" name="practice_createOpp_Org_Test" time="12.148"/>
  <testcase classname="practice_Products.practice_createproductTest_TC1" name="practice_createprodTest" time="8.458"/>
  <testcase classname="practice_CalendarEvent.practice_CreateCalendarEventTest_TC6" name="practice_CreateCalendarEvent_Test" time="9.123"/>
  <testcase classname="practice_Leads.practice_createLeadsTest_TC4" name="practice_createLeads_Test" time="8.668"/>
  <testcase classname="practice_TroubleTicket.practice_createTroubleTicketTest_TC2_ContactEdit_TC3" name="practice_createTroubleTickTest" time="7.829"/>
  <testcase classname="practice_TroubleTicket.practice_createTroubleTicketTest_TC2_ContactEdit_TC3" name="practice_createTroubleTick_Edit_Test" time="14.172"/>
  <testcase classname="com.comcast.crm.basetest.BaseClass_practice" name="@AfterSuite configAS" time="0.0">
    <ignored/>
  </testcase> <!-- @AfterSuite configAS -->
  <testcase classname="com.comcast.crm.basetest.BaseClass_practice" name="@AfterSuite configAS" time="0.0">
    <ignored/>
  </testcase> <!-- @AfterSuite configAS -->
  <testcase classname="com.comcast.crm.basetest.BaseClass_practice" name="@BeforeSuite configBS" time="0.0">
    <ignored/>
  </testcase> <!-- @BeforeSuite configBS -->
  <testcase classname="com.comcast.crm.basetest.BaseClass_practice" name="@BeforeSuite configBS" time="0.0">
    <ignored/>
  </testcase> <!-- @BeforeSuite configBS -->
  <testcase classname="com.comcast.crm.basetest.BaseClass_practice" name="@BeforeSuite configBS" time="0.0">
    <ignored/>
  </testcase> <!-- @BeforeSuite configBS -->
  <testcase classname="com.comcast.crm.basetest.BaseClass_practice" name="@BeforeSuite configBS" time="0.0">
    <ignored/>
  </testcase> <!-- @BeforeSuite configBS -->
  <testcase classname="com.comcast.crm.basetest.BaseClass_practice" name="@AfterSuite configAS" time="0.0">
    <ignored/>
  </testcase> <!-- @AfterSuite configAS -->
  <testcase classname="com.comcast.crm.basetest.BaseClass_practice" name="@AfterSuite configAS" time="0.0">
    <ignored/>
  </testcase> <!-- @AfterSuite configAS -->
</testsuite> <!-- Test -->
